<?xml version="1.0" encoding="UTF-8"?>
<!-- Generated by org.testng.reporters.JUnitReportReporter -->
<testsuite hostname="SHARATH-KOPPERAs-MacBook-Pro.local" name="com.crm.qa.testcases.Homepagetest" tests="4" failures="0" timestamp="31 Mar 2020 22:07:03 GMT" time="42.223" errors="0">
  <testcase name="checkcontactslink" time="10.585" classname="com.crm.qa.testcases.Homepagetest"/>
  <testcase name="checknewcontactslink" time="11.541" classname="com.crm.qa.testcases.Homepagetest"/>
  <testcase name="textcheckinhomepage" time="9.336" classname="com.crm.qa.testcases.Homepagetest"/>
  <testcase name="checkAlertslink" time="10.761" classname="com.crm.qa.testcases.Homepagetest"/>
</testsuite> <!-- com.crm.qa.testcases.Homepagetest -->
