<?xml version="1.0" encoding="UTF-8"?>
<!-- Generated by org.testng.reporters.JUnitReportReporter -->
<testsuite hostname="SHARATH-KOPPERAs-MacBook-Pro.local" name="com.crm.qa.testcases.sample" tests="1" failures="0" timestamp="25 Mar 2020 20:46:34 GMT" time="27.305" errors="0">
  <testcase name="intiate" time="27.305" classname="com.crm.qa.testcases.sample"/>
</testsuite> <!-- com.crm.qa.testcases.sample -->
