<?xml version="1.0" encoding="UTF-8"?>
<!-- Generated by org.testng.reporters.JUnitReportReporter -->
<testsuite hostname="SHARATH-KOPPERAs-MacBook-Pro.local" name="com.crm.qa.testcases.contactspagetest" tests="5" failures="0" timestamp="31 Mar 2020 22:07:03 GMT" time="63.229" errors="0">
  <testcase name="checkcontactstext" time="10.434" classname="com.crm.qa.testcases.contactspagetest"/>
  <testcase name="validatenewcontacts" time="13.757" classname="com.crm.qa.testcases.contactspagetest"/>
  <testcase name="validatenewcontacts" time="12.736" classname="com.crm.qa.testcases.contactspagetest"/>
  <testcase name="validatenewcontact" time="13.057" classname="com.crm.qa.testcases.contactspagetest"/>
  <testcase name="validatenewcontacts" time="13.245" classname="com.crm.qa.testcases.contactspagetest"/>
</testsuite> <!-- com.crm.qa.testcases.contactspagetest -->
