<?xml version="1.0" encoding="UTF-8"?>
<!-- Generated by org.testng.reporters.JUnitReportReporter -->
<testsuite hostname="SHARATH-KOPPERAs-MacBook-Pro.local" name="com.crm.qa.testcases.cas1" tests="1" failures="0" timestamp="26 Mar 2020 08:35:46 GMT" time="0.013" errors="0">
  <testcase name="testing" time="0.013" classname="com.crm.qa.testcases.cas1"/>
</testsuite> <!-- com.crm.qa.testcases.cas1 -->
