<?xml version="1.0" encoding="UTF-8"?>
<!-- Generated by org.testng.reporters.JUnitReportReporter -->
<testsuite hostname="SHARATH-KOPPERAs-MacBook-Pro.local" name="com.crm.qa.testcases.Loginpagetest" tests="3" failures="0" timestamp="31 Mar 2020 22:07:03 GMT" time="27.713" errors="0">
  <testcase name="Titletest" time="9.280" classname="com.crm.qa.testcases.Loginpagetest"/>
  <testcase name="checklogin" time="13.490" classname="com.crm.qa.testcases.Loginpagetest"/>
  <testcase name="testcrmlogo" time="4.943" classname="com.crm.qa.testcases.Loginpagetest"/>
</testsuite> <!-- com.crm.qa.testcases.Loginpagetest -->
