<?xml version="1.0" encoding="UTF-8"?>
<!-- Generated by org.testng.reporters.JUnitReportReporter -->
<testsuite hostname="SHARATH-KOPPERAs-MacBook-Pro.local" name="com.crm.qa.base.megapage" tests="1" failures="0" timestamp="26 Mar 2020 12:15:20 GMT" time="0.013" errors="0">
  <testcase name="startup" time="0.013" classname="com.crm.qa.base.megapage"/>
</testsuite> <!-- com.crm.qa.base.megapage -->
