<?xml version="1.0" encoding="UTF-8"?>
<!-- Generated by org.testng.reporters.JUnitReportReporter -->
<testsuite hostname="SHARATH-KOPPERAs-MacBook-Pro.local" name="com.crm.qa.pages.Signuppage" tests="1" failures="0" timestamp="26 Mar 2020 12:02:58 GMT" time="0.016" errors="0">
  <testcase name="startup" time="0.016" classname="com.crm.qa.pages.Signuppage"/>
</testsuite> <!-- com.crm.qa.pages.Signuppage -->
